This is e-upTeX, Version 3.141592653-p4.1.2-u2.00-250202-2.6 (utf8.sjis) (TeX Live 2025) (preloaded format=platex 2026.1.20)  29 JAN 2026 02:13
entering extended mode
 \write18 enabled.
 %&-line parsing enabled.
**d:/lsi/LSI_tex_all/main.tex
(d:/lsi/LSI_tex_all/main.tex
pLaTeX2e <2023-02-14>+1, based on
LaTeX2e <2025-11-01>
L3 programming layer <2026-01-10>
(c:/texlive/2025/texmf-dist/tex/platex/jsclasses/jsarticle.cls
Document Class: jsarticle 2025/04/27 jsclasses (okumura, texjporg)
Class jsarticle Info: Autodetected engine: pLaTeX on input line 236.
\jsc@mpt=\dimen164
\jsc@mmm=\dimen165
\jsc@smallskipamount=\skip49
LaTeX Info: Redefining \textmc on input line 511.
LaTeX Info: Redefining \textgt on input line 513.
\symmincho=\mathgroup4
LaTeX Font Info:    Overwriting symbol font `mincho' in version `bold'
(Font)                  JY1/mc/m/n --> JY1/gt/m/n on input line 575.
LaTeX Font Info:    Font shape `JT1/mc/m/n' will be
(Font)              scaled to size 9.60999pt on input line 769.
LaTeX Font Info:    Font shape `JY1/mc/m/n' will be
(Font)              scaled to size 9.60999pt on input line 769.
\fullwidth=\dimen166
LaTeX Font Info:    Font shape `JT1/mc/m/n' will be
(Font)              scaled to size 7.68799pt on input line 922.
LaTeX Font Info:    Font shape `JY1/mc/m/n' will be
(Font)              scaled to size 7.68799pt on input line 922.
\c@part=\count274
\c@section=\count275
\c@subsection=\count276
\c@subsubsection=\count277
\c@paragraph=\count278
\c@subparagraph=\count279
\@abstractbox=\box70
\c@figure=\count280
\c@table=\count281
\abovecaptionskip=\skip50
\belowcaptionskip=\skip51
\jsc@tocl@width=\dimen167
\@lnumwidth=\dimen168
\bibindent=\dimen169
(c:/texlive/2025/texmf-dist/tex/platex/jsclasses/jslogo.sty
Package: jslogo 2019/07/25 okumura, texjporg
LaTeX Info: Redefining \TeX on input line 82.
LaTeX Info: Redefining \LaTeX on input line 135.
LaTeX Info: Redefining \LaTeXe on input line 188.
)
\heisei=\count282
) (c:/texlive/2025/texmf-dist/tex/latex/comment/comment.sty
\CommentStream=\write3
 Excluding comment 'comment') (c:/texlive/2025/texmf-dist/tex/latex/tools/multicol.sty
Package: multicol 2025/10/21 v2.0b multicolumn formatting (FMi)
\c@tracingmulticols=\count283
\mult@box=\box71
\multicol@leftmargin=\dimen170
\c@unbalance=\count284
\c@collectmore=\count285
\doublecol@number=\count286
\multicoltolerance=\count287
\multicolpretolerance=\count288
\full@width=\dimen171
\page@free=\dimen172
\premulticols=\dimen173
\postmulticols=\dimen174
\multicolsep=\skip52
\multicolbaselineskip=\skip53
\partial@page=\box72
\last@line=\box73
\mc@boxedresult=\box74
\maxbalancingoverflow=\dimen175
\mult@rightbox=\box75
\mult@grightbox=\box76
\mult@firstbox=\box77
\mult@gfirstbox=\box78
\@tempa=\box79
\@tempa=\box80
\@tempa=\box81
\@tempa=\box82
\@tempa=\box83
\@tempa=\box84
\@tempa=\box85
\@tempa=\box86
\@tempa=\box87
\@tempa=\box88
\@tempa=\box89
\@tempa=\box90
\@tempa=\box91
\@tempa=\box92
\@tempa=\box93
\@tempa=\box94
\@tempa=\box95
\@tempa=\box96
\@tempa=\box97
\@tempa=\box98
\@tempa=\box99
\@tempa=\box100
\@tempa=\box101
\@tempa=\box102
\@tempa=\box103
\@tempa=\box104
\@tempa=\box105
\@tempa=\box106
\@tempa=\box107
\@tempa=\box108
\@tempa=\box109
\@tempa=\box110
\@tempa=\box111
\@tempa=\box112
\@tempa=\box113
\@tempa=\box114
\c@minrows=\count289
\c@columnbadness=\count290
\c@finalcolumnbadness=\count291
\last@try=\dimen176
\multicolovershoot=\dimen177
\multicolundershoot=\dimen178
\mult@nat@firstbox=\box115
\colbreak@box=\box116
\mc@col@check@num=\count292
\g__mc_curr_col_int=\count293
) (c:/texlive/2025/texmf-dist/tex/latex/ascmac/ascmac.sty
Package: ascmac 2020/01/15 v2.1 ascmac wrapper (community edition) 
 (c:/texlive/2025/texmf-dist/tex/latex/ascmac/tascmac.sty
Package: tascmac 2020/01/15 v2.1 ascmac package (community edition) 
\@savetbaselineshift=\dimen179
\@saveybaselineshift=\dimen180
\scb@x=\box117
\scscb@x=\box118
\@bw=\dimen181
\@nbox=\box119
\@nbody=\box120
\@scw=\dimen182
\ascmac@hoboxa=\box121
\ascmac@hoboxb=\box122
\@itemh=\dimen183
\@iboxpos=\toks18
\@iboxstr=\box123
\@bwsp=\box124
\@@bwsp=\box125
\@bcal=\count294
\shaderule=\dimen184
)) (c:/texlive/2025/texmf-dist/tex/latex/amsmath/amsmath.sty
Package: amsmath 2025/07/09 v2.17z AMS math features
\@mathmargin=\skip54

For additional information on amsmath, use the `?' option.
(c:/texlive/2025/texmf-dist/tex/latex/amsmath/amstext.sty
Package: amstext 2024/11/17 v2.01 AMS text
 (c:/texlive/2025/texmf-dist/tex/latex/amsmath/amsgen.sty
File: amsgen.sty 1999/11/30 v2.0 generic functions
\@emptytoks=\toks19
\ex@=\dimen185
)) (c:/texlive/2025/texmf-dist/tex/latex/amsmath/amsbsy.sty
Package: amsbsy 1999/11/29 v1.2d Bold Symbols
\pmbraise@=\dimen186
) (c:/texlive/2025/texmf-dist/tex/latex/amsmath/amsopn.sty
Package: amsopn 2022/04/08 v2.04 operator names
)
\inf@bad=\count295
LaTeX Info: Redefining \frac on input line 233.
\uproot@=\count296
\leftroot@=\count297
LaTeX Info: Redefining \overline on input line 398.
LaTeX Info: Redefining \colon on input line 409.
\classnum@=\count298
\DOTSCASE@=\count299
LaTeX Info: Redefining \ldots on input line 495.
LaTeX Info: Redefining \dots on input line 498.
LaTeX Info: Redefining \cdots on input line 619.
\Mathstrutbox@=\box126
\strutbox@=\box127
LaTeX Info: Redefining \big on input line 721.
LaTeX Info: Redefining \Big on input line 722.
LaTeX Info: Redefining \bigg on input line 723.
LaTeX Info: Redefining \Bigg on input line 724.
\big@size=\dimen187
LaTeX Font Info:    Redeclaring font encoding OML on input line 742.
LaTeX Font Info:    Redeclaring font encoding OMS on input line 743.
\macc@depth=\count300
LaTeX Info: Redefining \bmod on input line 904.
LaTeX Info: Redefining \pmod on input line 909.
LaTeX Info: Redefining \smash on input line 939.
LaTeX Info: Redefining \relbar on input line 969.
LaTeX Info: Redefining \Relbar on input line 970.
\c@MaxMatrixCols=\count301
\dotsspace@=\muskip17
\c@parentequation=\count302
\dspbrk@lvl=\count303
\tag@help=\toks20
\row@=\count304
\column@=\count305
\maxfields@=\count306
\andhelp@=\toks21
\eqnshift@=\dimen188
\alignsep@=\dimen189
\tagshift@=\dimen190
\tagwidth@=\dimen191
\totwidth@=\dimen192
\lineht@=\dimen193
\@envbody=\toks22
\multlinegap=\skip55
\multlinetaggap=\skip56
\mathdisplay@stack=\toks23
LaTeX Info: Redefining \[ on input line 2950.
LaTeX Info: Redefining \] on input line 2951.
) (c:/texlive/2025/texmf-dist/tex/latex/amsfonts/amsfonts.sty
Package: amsfonts 2013/01/14 v3.01 Basic AMSFonts support
\symAMSa=\mathgroup5
\symAMSb=\mathgroup6
LaTeX Font Info:    Redeclaring math symbol \hbar on input line 98.
LaTeX Font Info:    Overwriting math alphabet `\mathfrak' in version `bold'
(Font)                  U/euf/m/n --> U/euf/b/n on input line 106.
) (c:/texlive/2025/texmf-dist/tex/latex/graphics/graphicx.sty
Package: graphicx 2024/12/31 v1.2e Enhanced LaTeX Graphics (DPC,SPQR)
 (c:/texlive/2025/texmf-dist/tex/latex/graphics/keyval.sty
Package: keyval 2022/05/29 v1.15 key=value parser (DPC)
\KV@toks@=\toks24
) (c:/texlive/2025/texmf-dist/tex/latex/graphics/graphics.sty
Package: graphics 2024/08/06 v1.4g Standard LaTeX Graphics (DPC,SPQR)
 (c:/texlive/2025/texmf-dist/tex/latex/graphics/trig.sty
Package: trig 2023/12/02 v1.11 sin cos tan (DPC)
) (c:/texlive/2025/texmf-dist/tex/latex/graphics-cfg/graphics.cfg
File: graphics.cfg 2016/06/04 v1.11 sample graphics configuration
)
Package graphics Info: Driver file: dvipdfmx.def on input line 106.
 (c:/texlive/2025/texmf-dist/tex/latex/graphics-def/dvipdfmx.def
File: dvipdfmx.def 2025/09/29 v5.0n Graphics/color driver for dvipdfmx
))
\Gin@req@height=\dimen194
\Gin@req@width=\dimen195
) (c:/texlive/2025/texmf-dist/tex/latex/tools/tabularx.sty
Package: tabularx 2023/12/11 v2.12a `tabularx' package (DPC)
 (c:/texlive/2025/texmf-dist/tex/latex/tools/array.sty
Package: array 2025/09/25 v2.6n Tabular extension package (FMi)
\col@sep=\dimen196
\ar@mcellbox=\box128
\extrarowheight=\dimen197
\NC@list=\toks25
\extratabsurround=\skip57
\backup@length=\skip58
\ar@cellbox=\box129
)
\TX@col@width=\dimen198
\TX@old@table=\dimen199
\TX@old@col=\dimen256
\TX@target=\dimen257
\TX@delta=\dimen258
\TX@cols=\count307
\TX@ftn=\toks26
) (c:/texlive/2025/texmf-dist/tex/latex/here/here.sty) (c:/texlive/2025/texmf-dist/tex/latex/float/float.sty
Package: float 2001/11/08 v1.3d Float enhancements (AL)
\c@float@type=\count308
\float@exts=\toks27
\float@box=\box130
\@float@everytoks=\toks28
\@floatcapt=\box131
) (c:/texlive/2025/texmf-dist/tex/latex/subfigure/subfigure.sty
Package: subfigure 2002/03/15 v2.1.5 subfigure package
\subfigtopskip=\skip59
\subfigcapskip=\skip60
\subfigcaptopadj=\dimen259
\subfigbottomskip=\skip61
\subfigcapmargin=\dimen260
\subfiglabelskip=\skip62
\c@subfigure=\count309
\c@lofdepth=\count310
\c@subtable=\count311
\c@lotdepth=\count312

****************************************
* Local config file subfigure.cfg used *
****************************************
(c:/texlive/2025/texmf-dist/tex/latex/subfigure/subfigure.cfg)
\subfig@top=\skip63
\subfig@bottom=\skip64
) (c:/texlive/2025/texmf-dist/tex/latex/tools/bm.sty
Package: bm 2025/10/21 v1.2g Bold Symbol Support (DPC/FMi)
\symboldoperators=\mathgroup7
\symboldletters=\mathgroup8
\symboldsymbols=\mathgroup9
Package bm Info: No bold for \OMX/cmex/m/n, using \pmb.
\symboldmincho=\mathgroup10
Package bm Info: No bold for \U/msa/m/n, using \pmb.
Package bm Info: No bold for \U/msb/m/n, using \pmb.
LaTeX Font Info:    Redeclaring math alphabet \mathbf on input line 149.
) (c:/texlive/2025/texmf-dist/tex/latex/algorithms/algorithm.sty
Package: algorithm 2009/08/24 v0.1 Document Style `algorithm' - floating environment
 (c:/texlive/2025/texmf-dist/tex/latex/base/ifthen.sty
Package: ifthen 2024/03/16 v1.1e Standard LaTeX ifthen package (DPC)
)
\@float@every@algorithm=\toks29
\c@algorithm=\count313
) (c:/texlive/2025/texmf-dist/tex/latex/colortbl/colortbl.sty
Package: colortbl 2024/10/29 v1.0k Color table columns (DPC)
 (c:/texlive/2025/texmf-dist/tex/latex/graphics/color.sty
Package: color 2025/01/14 v1.3e Standard LaTeX Color (DPC)
 (c:/texlive/2025/texmf-dist/tex/latex/graphics-cfg/color.cfg
File: color.cfg 2016/01/02 v1.6 sample color configuration
)
Package color Info: Driver file: dvipdfmx.def on input line 149.
 (c:/texlive/2025/texmf-dist/tex/latex/graphics/dvipsnam.def
File: dvipsnam.def 2016/06/17 v3.0m Driver-dependent file (DPC,SPQR)
) (c:/texlive/2025/texmf-dist/tex/latex/graphics/mathcolor.ltx))
\everycr=\toks30
\minrowclearance=\skip65
\rownum=\count314
) (c:/texlive/2025/texmf-dist/tex/latex/multirow/multirow.sty
Package: multirow 2024/11/12 v2.9 Span multiple rows of a table
\multirow@colwidth=\skip66
\multirow@cntb=\count315
\multirow@dima=\skip67
\bigstrutjot=\dimen261
) (c:/texlive/2025/texmf-dist/tex/latex/booktabs/booktabs.sty
Package: booktabs 2020/01/12 v1.61803398 Publication quality tables
\heavyrulewidth=\dimen262
\lightrulewidth=\dimen263
\cmidrulewidth=\dimen264
\belowrulesep=\dimen265
\belowbottomsep=\dimen266
\aboverulesep=\dimen267
\abovetopsep=\dimen268
\cmidrulesep=\dimen269
\cmidrulekern=\dimen270
\defaultaddspace=\dimen271
\@cmidla=\count316
\@cmidlb=\count317
\@aboverulesep=\dimen272
\@belowrulesep=\dimen273
\@thisruleclass=\count318
\@lastruleclass=\count319
\@thisrulewidth=\dimen274
) (c:/texlive/2025/texmf-dist/tex/latex/algorithmicx/algpseudocode.sty
Package: algpseudocode 
 (c:/texlive/2025/texmf-dist/tex/latex/algorithmicx/algorithmicx.sty
Package: algorithmicx 2005/04/27 v1.2 Algorithmicx

Document Style algorithmicx 1.2 - a greatly improved `algorithmic' style
\c@ALG@line=\count320
\c@ALG@rem=\count321
\c@ALG@nested=\count322
\ALG@tlm=\skip68
\ALG@thistlm=\skip69
\c@ALG@Lnr=\count323
\c@ALG@blocknr=\count324
\c@ALG@storecount=\count325
\c@ALG@tmpcounter=\count326
\ALG@tmplength=\skip70
)
Document Style - pseudocode environments for use with the `algorithmicx' style
) (c:/texlive/2025/texmf-dist/tex/latex/xcolor/xcolor.sty
Package: xcolor 2024/09/29 v3.02 LaTeX color extensions (UK)
 (c:/texlive/2025/texmf-dist/tex/latex/graphics-cfg/color.cfg
File: color.cfg 2016/01/02 v1.6 sample color configuration
)
Package xcolor Info: Driver file: dvipdfmx.def on input line 274.
LaTeX Info: Redefining \color on input line 762.
 (c:/texlive/2025/texmf-dist/tex/latex/graphics/mathcolor.ltx)
Package xcolor Info: Model `cmy' substituted by `cmy0' on input line 1349.
Package xcolor Info: Model `RGB' extended on input line 1365.
Package xcolor Info: Model `HTML' substituted by `rgb' on input line 1367.
Package xcolor Info: Model `Hsb' substituted by `hsb' on input line 1368.
Package xcolor Info: Model `tHsb' substituted by `hsb' on input line 1369.
Package xcolor Info: Model `HSB' substituted by `hsb' on input line 1370.
Package xcolor Info: Model `Gray' substituted by `gray' on input line 1371.
Package xcolor Info: Model `wave' substituted by `hsb' on input line 1372.
) (c:/texlive/2025/texmf-dist/tex/latex/url/url.sty
\Urlmuskip=\muskip18
Package: url 2013/09/16  ver 3.4  Verb mode for urls, etc.
)
\c@enumerate=\count327
 (c:/texlive/2025/texmf-dist/tex/latex/l3backend/l3backend-dvipdfmx.def
File: l3backend-dvipdfmx.def 2025-10-09 L3 backend support: dvipdfmx
\g__graphics_track_int=\count328
\g__pdfannot_backend_int=\count329
\g__pdfannot_backend_link_int=\count330
) (./main.aux)
\openout1 = `main.aux'.

LaTeX Font Info:    Checking defaults for OML/cmm/m/it on input line 106.
LaTeX Font Info:    ... okay on input line 106.
LaTeX Font Info:    Checking defaults for OMS/cmsy/m/n on input line 106.
LaTeX Font Info:    ... okay on input line 106.
LaTeX Font Info:    Checking defaults for OT1/cmr/m/n on input line 106.
LaTeX Font Info:    ... okay on input line 106.
LaTeX Font Info:    Checking defaults for T1/cmr/m/n on input line 106.
LaTeX Font Info:    ... okay on input line 106.
LaTeX Font Info:    Checking defaults for TS1/cmr/m/n on input line 106.
LaTeX Font Info:    ... okay on input line 106.
LaTeX Font Info:    Checking defaults for OMX/cmex/m/n on input line 106.
LaTeX Font Info:    ... okay on input line 106.
LaTeX Font Info:    Checking defaults for U/cmr/m/n on input line 106.
LaTeX Font Info:    ... okay on input line 106.
LaTeX Font Info:    Checking defaults for JY1/mc/m/n on input line 106.
LaTeX Font Info:    ... okay on input line 106.
LaTeX Font Info:    Checking defaults for JT1/mc/m/n on input line 106.
LaTeX Font Info:    ... okay on input line 106.
LaTeX Font Info:    Font shape `JT1/mc/m/n' will be
(Font)              scaled to size 13.83836pt on input line 122.
LaTeX Font Info:    Font shape `JY1/mc/m/n' will be
(Font)              scaled to size 13.83836pt on input line 122.
LaTeX Font Info:    Font shape `JT1/mc/bx/n' in size <14.4> not available
(Font)              Font shape `JT1/gt/m/n' tried instead on input line 122.
LaTeX Font Info:    Font shape `JT1/gt/m/n' will be
(Font)              scaled to size 13.83836pt on input line 122.
LaTeX Font Info:    Font shape `JY1/mc/bx/n' in size <14.4> not available
(Font)              Font shape `JY1/gt/m/n' tried instead on input line 122.
LaTeX Font Info:    Font shape `JY1/gt/m/n' will be
(Font)              scaled to size 13.83836pt on input line 122.
 (./1st.tex
LaTeX Font Info:    Font shape `JT1/mc/bx/n' in size <10> not available
(Font)              Font shape `JT1/gt/m/n' tried instead on input line 1.
LaTeX Font Info:    Font shape `JT1/gt/m/n' will be
(Font)              scaled to size 9.60999pt on input line 1.
LaTeX Font Info:    Font shape `JY1/mc/bx/n' in size <10> not available
(Font)              Font shape `JY1/gt/m/n' tried instead on input line 1.
LaTeX Font Info:    Font shape `JY1/gt/m/n' will be
(Font)              scaled to size 9.60999pt on input line 1.


LaTeX Warning: Reference `fg:1_soft' on page 1 undefined on input line 5.

File: figure/1_soft.png Graphic file (type bmp)
<figure/1_soft.png>
LaTeX Font Info:    Font shape `JT1/mc/m/n' will be
(Font)              scaled to size 8.64899pt on input line 9.
LaTeX Font Info:    Font shape `JY1/mc/m/n' will be
(Font)              scaled to size 8.64899pt on input line 9.

LaTeX Warning: Reference `fg:1_fpga' on page 1 undefined on input line 13.

File: figure/1_fpga.png Graphic file (type bmp)
<figure/1_fpga.png>
LaTeX Font Info:    Font shape `JY1/mc/m/n' will be
(Font)              scaled to size 6.72699pt on input line 24.
LaTeX Font Info:    Font shape `JY1/mc/m/n' will be
(Font)              scaled to size 4.805pt on input line 24.
LaTeX Font Info:    Trying to load font information for U+msa on input line 24.
(c:/texlive/2025/texmf-dist/tex/latex/amsfonts/umsa.fd
File: umsa.fd 2013/01/14 v3.01 AMS symbols A
)
LaTeX Font Info:    Trying to load font information for U+msb on input line 24.
 (c:/texlive/2025/texmf-dist/tex/latex/amsfonts/umsb.fd
File: umsb.fd 2013/01/14 v3.01 AMS symbols B
)
LaTeX Font Info:    Font shape `JY1/gt/m/n' will be
(Font)              scaled to size 6.72699pt on input line 24.
LaTeX Font Info:    Font shape `JY1/gt/m/n' will be
(Font)              scaled to size 4.805pt on input line 24.
 [1


]) (./2nd.tex

LaTeX Warning: Citation `soumusho2024_information_communications_whitepaper' on page 2 undefined on input line 8.


LaTeX Warning: Reference `fg:abata-' on page 2 undefined on input line 11.


LaTeX Warning: Citation `yee_proteus_2007' on page 2 undefined on input line 11.

File: figure/abata.png Graphic file (type bmp)
<figure/abata.png>
) (./2_add.tex [2]) (./3rd.tex [3

]

LaTeX Warning: Citation `kingma_auto-encoding_2022' on page 4 undefined on input line 15.


LaTeX Warning: Reference `fg:VAE' on page 4 undefined on input line 15.

File: figure/VAE.png Graphic file (type bmp)
<figure/VAE.png>

LaTeX Warning: Citation `goodfellow_generative_2014' on page 4 undefined on input line 41.


LaTeX Warning: Reference `fg:GAN_VAE' on page 4 undefined on input line 41.

LaTeX Font Info:    Font shape `JT1/mc/m/n' will be
(Font)              scaled to size 6.72699pt on input line 47.
LaTeX Font Info:    Font shape `JT1/mc/m/n' will be
(Font)              scaled to size 4.805pt on input line 47.
File: figure/GAN_VAE.png Graphic file (type bmp)
<figure/GAN_VAE.png>
[4

]
Underfull \hbox (badness 10000) in paragraph at lines 65--65
[]\OT1/cmr/bx/n/10 GAN (Gen-er-a-tive Ad-ver-sar-ial
 []

File: figure/GAN.png Graphic file (type bmp)
<figure/GAN.png>

LaTeX Warning: Reference `eq:minimax' on page 5 undefined on input line 79.


LaTeX Warning: Reference `eq:minimax' on page 5 undefined on input line 94.


LaTeX Warning: Reference `eq:minimax' on page 5 undefined on input line 94.


LaTeX Warning: Reference `eq:Dmax' on page 5 undefined on input line 94.

LaTeX Font Info:    Font shape `JY1/mc/m/n' will be
(Font)              scaled to size 5.76599pt on input line 96.
LaTeX Font Info:    Font shape `JY1/gt/m/n' will be
(Font)              scaled to size 7.68799pt on input line 96.
LaTeX Font Info:    Font shape `JY1/gt/m/n' will be
(Font)              scaled to size 5.76599pt on input line 96.
LaTeX Font Info:    Font shape `JT1/mc/m/n' will be
(Font)              scaled to size 5.76599pt on input line 100.

LaTeX Warning: Reference `eq:Dmax' on page 5 undefined on input line 103.


LaTeX Warning: Reference `eq:D*' on page 5 undefined on input line 103.


LaTeX Warning: Reference `eq:KL' on page 5 undefined on input line 115.


LaTeX Warning: Reference `eq:JS' on page 5 undefined on input line 121.

[5]

LaTeX Warning: Reference `eq:Dmax' on page 6 undefined on input line 126.


LaTeX Warning: Reference `eq:Dmax' on page 6 undefined on input line 126.


LaTeX Warning: Reference `eq:D*' on page 6 undefined on input line 126.


LaTeX Warning: Reference `eq:KL' on page 6 undefined on input line 126.


LaTeX Warning: Reference `eq:JS' on page 6 undefined on input line 126.


LaTeX Warning: Reference `eq:VG' on page 6 undefined on input line 126.

LaTeX Font Info:    Font shape `JY1/gt/m/n' will be
(Font)              scaled to size 8.64899pt on input line 128.

LaTeX Warning: Reference `eq:VG' on page 6 undefined on input line 136.


LaTeX Warning: Reference `eq:minimax' on page 6 undefined on input line 145.


LaTeX Warning: Reference `eq:LD' on page 6 undefined on input line 145.


LaTeX Warning: Reference `eq:LG' on page 6 undefined on input line 145.


LaTeX Warning: Reference `eq:BCE' on page 6 undefined on input line 153.


LaTeX Warning: Reference `fg:D_train' on page 6 undefined on input line 159.

File: figure/D_train.png Graphic file (type bmp)
<figure/D_train.png>

LaTeX Warning: Reference `eq:BCE' on page 6 undefined on input line 168.


LaTeX Warning: Reference `eq:LD' on page 6 undefined on input line 168.


LaTeX Warning: Reference `fg:D_train' on page 6 undefined on input line 177.

[6]
File: figure/G_train.png Graphic file (type bmp)
<figure/G_train.png>


LaTeX Warning: Reference `eq:BCE' on page 7 undefined on input line 186.


LaTeX Warning: Reference `eq:LG' on page 7 undefined on input line 186.


LaTeX Warning: Reference `alg:gan_train' on page 7 undefined on input line 195.

LaTeX Font Info:    Font shape `JT1/mc/bx/n' in size <9> not available
(Font)              Font shape `JT1/gt/m/n' tried instead on input line 201.
LaTeX Font Info:    Font shape `JT1/gt/m/n' will be
(Font)              scaled to size 8.64899pt on input line 201.
LaTeX Font Info:    Font shape `JY1/mc/bx/n' in size <9> not available
(Font)              Font shape `JY1/gt/m/n' tried instead on input line 201.
LaTeX Font Info:    Font shape `JY1/gt/m/n' will be
(Font)              scaled to size 8.64899pt on input line 201.

LaTeX Warning: Reference `fg:CNN1' on page 7 undefined on input line 227.

File: figure/CNN1.png Graphic file (type bmp)
<figure/CNN1.png>

LaTeX Warning: Reference `fg:CNN2' on page 7 undefined on input line 238.

File: figure/CNN2.png Graphic file (type bmp)
<figure/CNN2.png>
[7]

LaTeX Warning: Reference `fg:CNN3' on page 8 undefined on input line 249.

File: figure/CNN3.png Graphic file (type bmp)
<figure/CNN3.png>

LaTeX Warning: Reference `fg:CNN4' on page 8 undefined on input line 267.

File: figure/CNN4.png Graphic file (type bmp)
<figure/CNN4.png>
File: figure/CNN5.png Graphic file (type bmp)
<figure/CNN5.png>
File: figure/CNN6.png Graphic file (type bmp)
<figure/CNN6.png>

LaTeX Warning: Reference `fg:CNN2' on page 8 undefined on input line 293.

) (./4th.tex [8]

LaTeX Warning: Reference `fg:GANmodel' on page 9 undefined on input line 5.


LaTeX Warning: Citation `radford_unsupervised_2016' on page 9 undefined on input line 5.

File: figure/GANmodel.png Graphic file (type bmp)
<figure/GANmodel.png>

LaTeX Warning: Reference `fg:RGB_train2' on page 9 undefined on input line 34.

File: figure/RGB_train2.png Graphic file (type bmp)
<figure/RGB_train2.png>

LaTeX Warning: Reference `fg:RGB_train' on page 9 undefined on input line 43.

File: figure/RGB_train.png Graphic file (type bmp)
<figure/RGB_train.png>
[9

]

LaTeX Warning: Reference `fg:RGB_FPGA' on page 10 undefined on input line 57.

File: figure/RGB_FPGA.png Graphic file (type bmp)
<figure/RGB_FPGA.png>

LaTeX Warning: Reference `tab:network_io' on page 10 undefined on input line 72.

File: figure/tb1.png Graphic file (type bmp)
<figure/tb1.png>

LaTeX Warning: Reference `fg:Gen' on page 10 undefined on input line 104.

File: figure/Generator.png Graphic file (type bmp)
<figure/Generator.png>

LaTeX Warning: Reference `fg:Dis_g' on page 10 undefined on input line 114.


LaTeX Warning: Citation `liu_application_2022' on page 10 undefined on input line 114.

File: figure/Discriminator_grey.png Graphic file (type bmp)
<figure/Discriminator_grey.png>
[10]

LaTeX Warning: Citation `CharaMELNotion' on page 11 undefined on input line 140.


LaTeX Warning: Reference `fig:grid_3x3' on page 11 undefined on input line 140.

File: figure/grid_3x3.png Graphic file (type bmp)
<figure/grid_3x3.png>

LaTeX Warning: Reference `tab:training_param' on page 11 undefined on input line 152.


LaTeX Warning: Reference `fg:output' on page 11 undefined on input line 182.


LaTeX Warning: Reference `fg:output' on page 11 undefined on input line 182.


LaTeX Warning: Reference `fg:output' on page 11 undefined on input line 182.

File: figure/output.png Graphic file (type bmp)
<figure/output.png>
[11]

LaTeX Warning: Reference `fg:hokan' on page 12 undefined on input line 193.

File: figure/interp1.png Graphic file (type bmp)
<figure/interp1.png>

LaTeX Warning: Reference `fg:hokan' on page 12 undefined on input line 211.

) (./CNN.tex [12]

LaTeX Warning: Reference `fg:CNN7' on page 13 undefined on input line 10.

File: figure/CNN7.png Graphic file (type bmp)
<figure/CNN7.png>

LaTeX Warning: Reference `fg:CNN8' on page 13 undefined on input line 20.


LaTeX Warning: Reference `fg:CNN4' on page 13 undefined on input line 20.

File: figure/CNN8.png Graphic file (type bmp)
<figure/CNN8.png>

LaTeX Warning: Reference `fg:CNN9' on page 13 undefined on input line 30.

File: figure/CNN9.png Graphic file (type bmp)
<figure/CNN9.png>

LaTeX Warning: Reference `fg:CNN9' on page 13 undefined on input line 39.


LaTeX Warning: Reference `fg:CNN10' on page 13 undefined on input line 42.

[13]
File: figure/CNN10.png Graphic file (type bmp)
<figure/CNN10.png>


LaTeX Warning: Reference `fg:CNN10' on page 14 undefined on input line 51.


LaTeX Warning: Reference `eq:1retu' on page 14 undefined on input line 51.


LaTeX Warning: Reference `fg:CNN11' on page 14 undefined on input line 56.


LaTeX Warning: Reference `eq:zenretu' on page 14 undefined on input line 56.

File: figure/CNN11.png Graphic file (type bmp)
<figure/CNN11.png>
) (./emulator.tex

LaTeX Warning: Reference `tab:weight_minmax' on page 14 undefined on input line 6.


LaTeX Warning: Reference `tab:weight_minmax' on page 14 undefined on input line 6.


LaTeX Warning: Reference `tab:output_minmax' on page 14 undefined on input line 28.


LaTeX Warning: Reference `tab:output_minmax' on page 14 undefined on input line 28.

[14]

LaTeX Warning: Reference `tab:output_minmax' on page 15 undefined on input line 57.


LaTeX Warning: Reference `fg:tanh' on page 15 undefined on input line 59.


LaTeX Warning: Reference `fg:tanh' on page 15 undefined on input line 59.

File: figure/tanh.png Graphic file (type bmp)
<figure/tanh.png>

LaTeX Warning: Reference `fg:matome' on page 15 undefined on input line 69.

File: figure/kotei.png Graphic file (type bmp)
<figure/kotei.png>
) (./5th.tex [15]

LaTeX Warning: Citation `amd_ug1267_zcu104' on page 16 undefined on input line 3.


LaTeX Warning: Citation `amd_pynq' on page 16 undefined on input line 3.


LaTeX Warning: Reference `tb:pl' on page 16 undefined on input line 6.


LaTeX Warning: Reference `tb:ps' on page 16 undefined on input line 6.


LaTeX Warning: Reference `fig:arch' on page 16 undefined on input line 49.

[16

]

LaTeX Warning: Reference `fig:cal_tejyun' on page 17 undefined on input line 62.


LaTeX Warning: Reference `fig:cal_tejyun' on page 17 undefined on input line 62.


LaTeX Warning: Reference `fig:cal_tejyun' on page 17 undefined on input line 62.


LaTeX Warning: Reference `fig:cal_tejyun' on page 17 undefined on input line 62.

File: fig_fuji/layer_caluculation.png Graphic file (type bmp)
<fig_fuji/layer_caluculation.png>

LaTeX Warning: `h' float specifier changed to `ht'.

File: fig_fuji/arch_lsi.png Graphic file (type bmp)
<fig_fuji/arch_lsi.png>

LaTeX Warning: `h' float specifier changed to `ht'.

LaTeX Font Info:    Font shape `JT1/gt/bx/n' in size <10> not available
(Font)              Font shape `JT1/gt/m/n' tried instead on input line 79.
LaTeX Font Info:    Font shape `JT1/gt/m/n' will be
(Font)              scaled to size 9.60999pt on input line 79.
LaTeX Font Info:    Font shape `JY1/gt/bx/n' in size <10> not available
(Font)              Font shape `JY1/gt/m/n' tried instead on input line 79.
LaTeX Font Info:    Font shape `JY1/gt/m/n' will be
(Font)              scaled to size 9.60999pt on input line 79.

LaTeX Warning: Reference `fig:AXI-LITE' on page 17 undefined on input line 80.


LaTeX Warning: Reference `fig:AXI-LITE' on page 17 undefined on input line 80.


LaTeX Warning: Reference `tb:AXI-map' on page 17 undefined on input line 80.


LaTeX Warning: Reference `tb:AXI-seigyo' on page 17 undefined on input line 80.

[17]
File: fig_fuji/AXILITE.png Graphic file (type bmp)
<fig_fuji/AXILITE.png>


LaTeX Warning: `h' float specifier changed to `ht'.


Overfull \hbox (1.08589pt too wide) in paragraph at lines 114--121
 [][] 
 []

[18]

LaTeX Warning: Reference `fig:InOut' on page 19 undefined on input line 128.

File: fig_fuji/inoutdata.png Graphic file (type bmp)
<fig_fuji/inoutdata.png>

LaTeX Warning: `h' 